0 info it worked if it ends with ok
1 verbose cli [ 'D:\\Program Files\\nodejs\\node.exe',
1 verbose cli   'D:\\Users\\Branden\\AppData\\Roaming\\npm\\node_modules\\npm\\bin\\npm-cli.js',
1 verbose cli   'start' ]
2 info using npm@3.10.8
3 info using node@v6.2.1
4 verbose run-script [ 'prestart', 'start', 'poststart' ]
5 info lifecycle hyperbot@0.0.1~prestart: hyperbot@0.0.1
6 silly lifecycle hyperbot@0.0.1~prestart: no script for prestart, continuing
7 info lifecycle hyperbot@0.0.1~start: hyperbot@0.0.1
8 verbose lifecycle hyperbot@0.0.1~start: unsafe-perm in lifecycle true
9 verbose lifecycle hyperbot@0.0.1~start: PATH: D:\Users\Branden\AppData\Roaming\npm\node_modules\npm\bin\node-gyp-bin;D:\Users\Branden\Drive\git\hyperbot\node_modules\.bin;"D:\Program Files (x86)\Heroku\ruby-2.1.7\bin";D:\Users\Branden\.local\bin;D:\Users\Branden\Drive\software\.babun\cygwin\usr\local\bin;D:\Users\Branden\Drive\software\.babun\cygwin\usr\local\bin;D:\Users\Branden\Drive\software\.babun\cygwin\bin;D:\Users\Branden\.local\bin;D:\Users\Branden\Drive\software\cmder\vendor\conemu-maximus5\ConEmu\Scripts;D:\Users\Branden\Drive\software\cmder\vendor\conemu-maximus5;D:\Users\Branden\Drive\software\cmder\vendor\conemu-maximus5\ConEmu;D:\Users\Branden\AppData\Roaming\Python\Scripts;D:\Python27\Scripts;D:\Python27;C:\WINDOWS;C:\WINDOWS\System32\Wbem;C:\WINDOWS\System32\WindowsPowerShell\v1.0;D:\Program Files\Java\jdk1.8.0_45\bin;D:\Program Files (x86)\Maven\bin;D:\gradle-2.7\bin;C:\SFML-2.3.2\bin;node_modules\.bin;C:\mingw64\bin;C:\Program Files\LLVM\bin;D:\Program Files (x86)\PuTTY;D:\Program Files (x86)\Android\android-sdk\tools;D:\Program Files (x86)\Pandoc;D:\Program Files (x86)\Heroku\bin;D:\Program Files (x86)\GitExtensions;D:\Program Files (x86)\CMake\bin;D:\Users\Branden\Documents\#cmdline;C:\Program Files (x86)\NVIDIA Corporation\PhysX\Common;C:\Program Files (x86)\Windows Kits\10\Windows Performance Toolkit;D:\Program Files (x86)\GnuWin32\bin;D:\Program Files\nodejs;C:\Program Files (x86)\Skype\Phone;C:\Program Files (x86)\Microsoft Visual C++ Build Tools;C:\WINDOWS\system32;C:\WINDOWS;C:\WINDOWS\System32\Wbem;C:\WINDOWS\System32\WindowsPowerShell\v1.0;C:\WINDOWS\System32;C:\Program Files (x86)\git\cmd;C:\Program Files (x86)\Git\cmd;C:\Ruby23\bin;D:\Ruby22\bin;D:\Users\Branden\AppData\Local\atom\bin;D:\Users\Branden\AppData\Local\nylas\bin;D:\Users\Branden\AppData\Roaming\npm;C:\Users\Branden\AppData\Local\Microsoft\WindowsApps;D:\babun\.babun;C:\Program Files (x86)\Git\bin
10 verbose lifecycle hyperbot@0.0.1~start: CWD: D:\Users\Branden\Drive\git\hyperbot
11 silly lifecycle hyperbot@0.0.1~start: Args: [ '/d /s /c', 'coffee src/main.coffee' ]
12 silly lifecycle hyperbot@0.0.1~start: Returned: code: 1  signal: null
13 info lifecycle hyperbot@0.0.1~start: Failed to exec start script
14 verbose stack Error: hyperbot@0.0.1 start: `coffee src/main.coffee`
14 verbose stack Exit status 1
14 verbose stack     at EventEmitter.<anonymous> (D:\Users\Branden\AppData\Roaming\npm\node_modules\npm\lib\utils\lifecycle.js:255:16)
14 verbose stack     at emitTwo (events.js:106:13)
14 verbose stack     at EventEmitter.emit (events.js:191:7)
14 verbose stack     at ChildProcess.<anonymous> (D:\Users\Branden\AppData\Roaming\npm\node_modules\npm\lib\utils\spawn.js:40:14)
14 verbose stack     at emitTwo (events.js:106:13)
14 verbose stack     at ChildProcess.emit (events.js:191:7)
14 verbose stack     at maybeClose (internal/child_process.js:852:16)
14 verbose stack     at Process.ChildProcess._handle.onexit (internal/child_process.js:215:5)
15 verbose pkgid hyperbot@0.0.1
16 verbose cwd D:\Users\Branden\Drive\git\hyperbot
17 error Windows_NT 10.0.14393
18 error argv "D:\\Program Files\\nodejs\\node.exe" "D:\\Users\\Branden\\AppData\\Roaming\\npm\\node_modules\\npm\\bin\\npm-cli.js" "start"
19 error node v6.2.1
20 error npm  v3.10.8
21 error code ELIFECYCLE
22 error hyperbot@0.0.1 start: `coffee src/main.coffee`
22 error Exit status 1
23 error Failed at the hyperbot@0.0.1 start script 'coffee src/main.coffee'.
23 error Make sure you have the latest version of node.js and npm installed.
23 error If you do, this is most likely a problem with the hyperbot package,
23 error not with npm itself.
23 error Tell the author that this fails on your system:
23 error     coffee src/main.coffee
23 error You can get information on how to open an issue for this project with:
23 error     npm bugs hyperbot
23 error Or if that isn't available, you can get their info via:
23 error     npm owner ls hyperbot
23 error There is likely additional logging output above.
24 verbose exit [ 1, true ]
